{"/home/omar/express-server/server.js": {"path":"/home/omar/express-server/server.js","statementMap":{"0":{"start":{"line":4,"column":16},"end":{"line":4,"column":34}},"1":{"start":{"line":5,"column":13},"end":{"line":5,"column":28}},"2":{"start":{"line":7,"column":12},"end":{"line":7,"column":21}},"3":{"start":{"line":8,"column":0},"end":{"line":8,"column":16}},"4":{"start":{"line":9,"column":17},"end":{"line":9,"column":36}},"5":{"start":{"line":10,"column":0},"end":{"line":10,"column":24}},"6":{"start":{"line":12,"column":0},"end":{"line":14,"column":4}},"7":{"start":{"line":13,"column":4},"end":{"line":13,"column":40}},"8":{"start":{"line":30,"column":0},"end":{"line":35,"column":3}},"9":{"start":{"line":31,"column":30},"end":{"line":31,"column":38}},"10":{"start":{"line":32,"column":19},"end":{"line":32,"column":36}},"11":{"start":{"line":33,"column":2},"end":{"line":33,"column":22}},"12":{"start":{"line":34,"column":2},"end":{"line":34,"column":42}},"13":{"start":{"line":39,"column":4},"end":{"line":39,"column":73}},"14":{"start":{"line":39,"column":27},"end":{"line":39,"column":71}},"15":{"start":{"line":42,"column":2},"end":{"line":45,"column":3}}},"fnMap":{"0":{"name":"(anonymous_0)","decl":{"start":{"line":12,"column":13},"end":{"line":12,"column":14}},"loc":{"start":{"line":12,"column":27},"end":{"line":14,"column":3}},"line":12},"1":{"name":"(anonymous_1)","decl":{"start":{"line":30,"column":20},"end":{"line":30,"column":21}},"loc":{"start":{"line":30,"column":34},"end":{"line":35,"column":1}},"line":30},"2":{"name":"start","decl":{"start":{"line":38,"column":11},"end":{"line":38,"column":16}},"loc":{"start":{"line":38,"column":23},"end":{"line":40,"column":3}},"line":38},"3":{"name":"(anonymous_3)","decl":{"start":{"line":39,"column":21},"end":{"line":39,"column":22}},"loc":{"start":{"line":39,"column":27},"end":{"line":39,"column":71}},"line":39}},"branchMap":{},"s":{"0":1,"1":1,"2":1,"3":1,"4":1,"5":1,"6":1,"7":1,"8":1,"9":1,"10":1,"11":1,"12":1,"13":0,"14":0,"15":1},"f":{"0":1,"1":1,"2":0,"3":0},"b":{},"_coverageSchema":"1a1c01bbd47fc00a2c39e90264f33305004495a9","hash":"00cf2a8c09ba6f003f67c8f933ae5e9e0aa51728"}
}
